# JRE version: OpenJDK Runtime Environment (8.0_212-b04) (build 1.8.0_212-release-1586-b04)
# Java VM: OpenJDK 64-Bit Server VM (25.212-b04 mixed mode windows-amd64 compressed oops)
Heap:
 PSYoungGen      total 156672K, used 116669K [0x00000000f5580000, 0x0000000100000000, 0x0000000100000000)
  eden space 143872K, 72% used [0x00000000f5580000,0x00000000fbaf6f70,0x00000000fe200000)
  from space 12800K, 99% used [0x00000000ff380000,0x00000000ffff8788,0x0000000100000000)
  to   space 15360K, 0% used [0x00000000fe200000,0x00000000fe200000,0x00000000ff100000)
 ParOldGen       total 175104K, used 20406K [0x00000000e0000000, 0x00000000eab00000, 0x00000000f5580000)
  object space 175104K, 11% used [0x00000000e0000000,0x00000000e13ed970,0x00000000eab00000)
 Metaspace       used 55398K, capacity 57172K, committed 57216K, reserved 1097728K
  class space    used 7632K, capacity 8041K, committed 8064K, reserved 1048576K
GC Heap History (10 events):
Event: 14.400 GC heap before
{Heap before GC invocations=6 (full 1):
 PSYoungGen      total 76288K, used 65536K [0x00000000f5580000, 0x00000000fea80000, 0x0000000100000000)
  eden space 65536K, 100% used [0x00000000f5580000,0x00000000f9580000,0x00000000f9580000)
  from space 10752K, 0% used [0x00000000fa000000,0x00000000fa000000,0x00000000faa80000)
  to   space 10752K, 0% used [0x00000000f9580000,0x00000000f9580000,0x00000000fa000000)
 ParOldGen       total 175104K, used 7385K [0x00000000e0000000, 0x00000000eab00000, 0x00000000f5580000)
  object space 175104K, 4% used [0x00000000e0000000,0x00000000e0736670,0x00000000eab00000)
 Metaspace       used 29152K, capacity 29748K, committed 30080K, reserved 1075200K
  class space    used 3927K, capacity 4103K, committed 4224K, reserved 1048576K
Event: 14.405 GC heap after
Heap after GC invocations=6 (full 1):
 PSYoungGen      total 76288K, used 8308K [0x00000000f5580000, 0x00000000fea00000, 0x0000000100000000)
  eden space 65536K, 0% used [0x00000000f5580000,0x00000000f5580000,0x00000000f9580000)
  from space 10752K, 77% used [0x00000000f9580000,0x00000000f9d9d270,0x00000000fa000000)
  to   space 13312K, 0% used [0x00000000fdd00000,0x00000000fdd00000,0x00000000fea00000)
 ParOldGen       total 175104K, used 7393K [0x00000000e0000000, 0x00000000eab00000, 0x00000000f5580000)
  object space 175104K, 4% used [0x00000000e0000000,0x00000000e0738670,0x00000000eab00000)
 Metaspace       used 29152K, capacity 29748K, committed 30080K, reserved 1075200K
  class space    used 3927K, capacity 4103K, committed 4224K, reserved 1048576K
}
Event: 15.071 GC heap before
{Heap before GC invocations=7 (full 1):
 PSYoungGen      total 76288K, used 73844K [0x00000000f5580000, 0x00000000fea00000, 0x0000000100000000)
  eden space 65536K, 100% used [0x00000000f5580000,0x00000000f9580000,0x00000000f9580000)
  from space 10752K, 77% used [0x00000000f9580000,0x00000000f9d9d270,0x00000000fa000000)
  to   space 13312K, 0% used [0x00000000fdd00000,0x00000000fdd00000,0x00000000fea00000)
 ParOldGen       total 175104K, used 7393K [0x00000000e0000000, 0x00000000eab00000, 0x00000000f5580000)
  object space 175104K, 4% used [0x00000000e0000000,0x00000000e0738670,0x00000000eab00000)
 Metaspace       used 32211K, capacity 32760K, committed 33024K, reserved 1077248K
  class space    used 4415K, capacity 4595K, committed 4608K, reserved 1048576K
Event: 15.081 GC heap after
Heap after GC invocations=7 (full 1):
 PSYoungGen      total 135680K, used 8722K [0x00000000f5580000, 0x00000000fe780000, 0x0000000100000000)
  eden space 124928K, 0% used [0x00000000f5580000,0x00000000f5580000,0x00000000fcf80000)
  from space 10752K, 81% used [0x00000000fdd00000,0x00000000fe584b40,0x00000000fe780000)
  to   space 12288K, 0% used [0x00000000fcf80000,0x00000000fcf80000,0x00000000fdb80000)
 ParOldGen       total 175104K, used 7401K [0x00000000e0000000, 0x00000000eab00000, 0x00000000f5580000)
  object space 175104K, 4% used [0x00000000e0000000,0x00000000e073a670,0x00000000eab00000)
 Metaspace       used 32211K, capacity 32760K, committed 33024K, reserved 1077248K
  class space    used 4415K, capacity 4595K, committed 4608K, reserved 1048576K
}
Event: 18.800 GC heap before
{Heap before GC invocations=8 (full 1):
 PSYoungGen      total 135680K, used 63724K [0x00000000f5580000, 0x00000000fe780000, 0x0000000100000000)
  eden space 124928K, 44% used [0x00000000f5580000,0x00000000f8b364f0,0x00000000fcf80000)
  from space 10752K, 81% used [0x00000000fdd00000,0x00000000fe584b40,0x00000000fe780000)
  to   space 12288K, 0% used [0x00000000fcf80000,0x00000000fcf80000,0x00000000fdb80000)
 ParOldGen       total 175104K, used 7401K [0x00000000e0000000, 0x00000000eab00000, 0x00000000f5580000)
  object space 175104K, 4% used [0x00000000e0000000,0x00000000e073a670,0x00000000eab00000)
 Metaspace       used 34562K, capacity 35418K, committed 35456K, reserved 1079296K
  class space    used 4738K, capacity 4968K, committed 4992K, reserved 1048576K
Event: 18.812 GC heap after
Heap after GC invocations=8 (full 1):
 PSYoungGen      total 137216K, used 10019K [0x00000000f5580000, 0x0000000100000000, 0x0000000100000000)
  eden space 124928K, 0% used [0x00000000f5580000,0x00000000f5580000,0x00000000fcf80000)
  from space 12288K, 81% used [0x00000000fcf80000,0x00000000fd948cc0,0x00000000fdb80000)
  to   space 12800K, 0% used [0x00000000ff380000,0x00000000ff380000,0x0000000100000000)
 ParOldGen       total 175104K, used 7409K [0x00000000e0000000, 0x00000000eab00000, 0x00000000f5580000)
  object space 175104K, 4% used [0x00000000e0000000,0x00000000e073c670,0x00000000eab00000)
 Metaspace       used 34562K, capacity 35418K, committed 35456K, reserved 1079296K
  class space    used 4738K, capacity 4968K, committed 4992K, reserved 1048576K
}
Event: 18.812 GC heap before
{Heap before GC invocations=9 (full 2):
 PSYoungGen      total 137216K, used 10019K [0x00000000f5580000, 0x0000000100000000, 0x0000000100000000)
  eden space 124928K, 0% used [0x00000000f5580000,0x00000000f5580000,0x00000000fcf80000)
  from space 12288K, 81% used [0x00000000fcf80000,0x00000000fd948cc0,0x00000000fdb80000)
  to   space 12800K, 0% used [0x00000000ff380000,0x00000000ff380000,0x0000000100000000)
 ParOldGen       total 175104K, used 7409K [0x00000000e0000000, 0x00000000eab00000, 0x00000000f5580000)
  object space 175104K, 4% used [0x00000000e0000000,0x00000000e073c670,0x00000000eab00000)
 Metaspace       used 34562K, capacity 35418K, committed 35456K, reserved 1079296K
  class space    used 4738K, capacity 4968K, committed 4992K, reserved 1048576K
Event: 18.900 GC heap after
Heap after GC invocations=9 (full 2):
 PSYoungGen      total 137216K, used 0K [0x00000000f5580000, 0x0000000100000000, 0x0000000100000000)
  eden space 124928K, 0% used [0x00000000f5580000,0x00000000f5580000,0x00000000fcf80000)
  from space 12288K, 0% used [0x00000000fcf80000,0x00000000fcf80000,0x00000000fdb80000)
  to   space 12800K, 0% used [0x00000000ff380000,0x00000000ff380000,0x0000000100000000)
 ParOldGen       total 175104K, used 16772K [0x00000000e0000000, 0x00000000eab00000, 0x00000000f5580000)
  object space 175104K, 9% used [0x00000000e0000000,0x00000000e10612a8,0x00000000eab00000)
 Metaspace       used 34542K, capacity 35352K, committed 35456K, reserved 1079296K
  class space    used 4732K, capacity 4957K, committed 4992K, reserved 1048576K
}
Event: 22.057 GC heap before
{Heap before GC invocations=10 (full 2):
 PSYoungGen      total 137216K, used 124928K [0x00000000f5580000, 0x0000000100000000, 0x0000000100000000)
  eden space 124928K, 100% used [0x00000000f5580000,0x00000000fcf80000,0x00000000fcf80000)
  from space 12288K, 0% used [0x00000000fcf80000,0x00000000fcf80000,0x00000000fdb80000)
  to   space 12800K, 0% used [0x00000000ff380000,0x00000000ff380000,0x0000000100000000)
 ParOldGen       total 175104K, used 16772K [0x00000000e0000000, 0x00000000eab00000, 0x00000000f5580000)
  object space 175104K, 9% used [0x00000000e0000000,0x00000000e10612a8,0x00000000eab00000)
 Metaspace       used 47590K, capacity 48714K, committed 48896K, reserved 1091584K
  class space    used 6357K, capacity 6636K, committed 6656K, reserved 1048576K
Event: 22.078 GC heap after
Heap after GC invocations=10 (full 2):
 PSYoungGen      total 156672K, used 12769K [0x00000000f5580000, 0x0000000100000000, 0x0000000100000000)
  eden space 143872K, 0% used [0x00000000f5580000,0x00000000f5580000,0x00000000fe200000)
  from space 12800K, 99% used [0x00000000ff380000,0x00000000ffff8788,0x0000000100000000)
  to   space 15360K, 0% used [0x00000000fe200000,0x00000000fe200000,0x00000000ff100000)
 ParOldGen       total 175104K, used 20406K [0x00000000e0000000, 0x00000000eab00000, 0x00000000f5580000)
  object space 175104K, 11% used [0x00000000e0000000,0x00000000e13ed970,0x00000000eab00000)
 Metaspace       used 47590K, capacity 48714K, committed 48896K, reserved 1091584K
  class space    used 6357K, capacity 6636K, committed 6656K, reserved 1048576K
}

